http  [2025-04-21 15:41:55]  [GET] http://localhost:4444/ - IP: unknown
http  [2025-04-21 15:41:55]  [GET] http://localhost:4444/ - 5ms - Status: 200
http  [2025-04-21 15:42:03]  [GET] http://localhost:4444/appreciation - IP: unknown
http  [2025-04-21 15:42:03]  [GET] http://localhost:4444/appreciation - 1ms - Status: 200
http  [2025-04-21 16:52:15]  [GET] http://localhost:4444/database - IP: unknown
http  [2025-04-21 16:52:15]  [GET] http://localhost:4444/database - 7ms - Status: 404
http  [2025-04-21 16:52:31]  [GET] http://localhost:4444/database - IP: unknown
http  [2025-04-21 16:52:31]  [GET] http://localhost:4444/database - 1ms - Status: 200
http  [2025-04-21 16:52:36]  [GET] http://localhost:4444/database/status - IP: unknown
http  [2025-04-21 16:52:36]  [GET] http://localhost:4444/database/status - 16ms - Status: 200
http  [2025-04-21 17:19:36]  [GET] http://localhost:4444/ - IP: unknown
http  [2025-04-21 17:19:36]  [GET] http://localhost:4444/ - 3ms - Status: 200
http  [2025-04-21 17:23:48]  [GET] http://localhost:4444/anky - IP: unknown
http  [2025-04-21 17:23:48]  [GET] http://localhost:4444/anky - 3ms - Status: 200
http  [2025-04-21 17:24:06]  [OPTIONS] http://localhost:4444/anky/reflect-writing-session - IP: unknown
http  [2025-04-21 17:24:06]  [OPTIONS] http://localhost:4444/anky/reflect-writing-session - 4ms - Status: 404
http  [2025-04-21 17:25:56]  [OPTIONS] http://localhost:4444/anky/reflect-writing-session - IP: unknown
http  [2025-04-21 17:25:56]  [OPTIONS] http://localhost:4444/anky/reflect-writing-session - 9ms - Status: 404
http  [2025-04-21 17:26:10]  [OPTIONS] http://localhost:4444/anky/reflect-writing-session - IP: unknown
http  [2025-04-21 17:26:10]  [OPTIONS] http://localhost:4444/anky/reflect-writing-session - 3ms - Status: 404
http  [2025-04-21 17:27:04]  [POST] http://localhost:4444/anky/reflect-writing-session - IP: unknown
http  [2025-04-21 17:27:22]  [POST] http://localhost:4444/anky/reflect-writing-session - 18490ms - Status: 200
http  [2025-04-21 17:27:41]  [POST] http://localhost:4444/anky/reflect-writing-session - IP: unknown
http  [2025-04-21 17:28:03]  [POST] http://localhost:4444/anky/reflect-writing-session - 21659ms - Status: 200
http  [2025-04-25 06:41:59]  [GET] http://23b6-179-57-98-55.ngrok-free.app/ - IP: 179.57.98.55
http  [2025-04-25 06:41:59]  [GET] http://23b6-179-57-98-55.ngrok-free.app/ - 10ms - Status: 200
http  [2025-04-25 06:41:59]  [GET] http://23b6-179-57-98-55.ngrok-free.app/favicon.ico - IP: 179.57.98.55
http  [2025-04-25 06:41:59]  [GET] http://23b6-179-57-98-55.ngrok-free.app/favicon.ico - 1ms - Status: 404
http  [2025-04-25 06:46:20]  [POST] http://23b6-179-57-98-55.ngrok-free.app/grasscaster/signer - IP: 179.57.98.55
http  [2025-04-25 06:46:22]  [POST] http://23b6-179-57-98-55.ngrok-free.app/grasscaster/signer - 1492ms - Status: 200
http  [2025-04-25 06:55:59]  [POST] http://23b6-179-57-98-55.ngrok-free.app/grasscaster/cast - IP: 179.57.98.55
http  [2025-04-25 06:55:59]  [POST] http://23b6-179-57-98-55.ngrok-free.app/grasscaster/cast - 755ms - Status: 200
http  [2025-04-25 06:57:10]  [POST] http://23b6-179-57-98-55.ngrok-free.app/grasscaster/cast - IP: 179.57.98.55
http  [2025-04-25 06:57:11]  [POST] http://23b6-179-57-98-55.ngrok-free.app/grasscaster/cast - 655ms - Status: 200
http  [2025-04-25 23:31:52]  [POST] http://localhost:4444/process-image - IP: unknown
http  [2025-04-25 23:31:52]  [POST] http://localhost:4444/process-image - 7ms - Status: 404
http  [2025-04-25 23:32:28]  [POST] http://localhost:4444/onchainacid/process-image - IP: unknown
http  [2025-04-25 23:32:28]  [POST] http://localhost:4444/onchainacid/process-image - 4ms - Status: 500
http  [2025-04-25 23:33:06]  [POST] http://localhost:4444/onchainacid/process-image - IP: unknown
http  [2025-04-25 23:33:08]  [POST] http://localhost:4444/onchainacid/process-image - 2263ms - Status: 500
http  [2025-04-25 23:38:02]  [POST] http://localhost:4444/onchainacid/process-image - IP: unknown
http  [2025-04-25 23:38:04]  [POST] http://localhost:4444/onchainacid/process-image - 2207ms - Status: 500
http  [2025-04-25 23:46:20]  [POST] http://localhost:4444/onchainacid/process-image - IP: unknown
http  [2025-04-25 23:46:22]  [POST] http://localhost:4444/onchainacid/process-image - 1970ms - Status: 500
http  [2025-04-26 00:04:39]  [POST] http://localhost:4444/onchainacid/process-image - IP: unknown
http  [2025-04-26 00:05:29]  [POST] http://localhost:4444/onchainacid/process-image - 50551ms - Status: 200
http  [2025-04-26 00:08:33]  [POST] http://localhost:4444/onchainacid/process-image - IP: unknown
http  [2025-04-26 00:08:34]  [POST] http://localhost:4444/onchainacid/process-image - 977ms - Status: 500
http  [2025-04-26 00:10:20]  [POST] http://localhost:4444/onchainacid/process-image - IP: unknown
http  [2025-04-26 00:11:19]  [POST] http://localhost:4444/onchainacid/process-image - 58744ms - Status: 200
http  [2025-04-26 00:31:36]  [POST] http://35b3-179-57-98-55.ngrok-free.app/onchainacid/process-image - IP: 179.57.98.55
http  [2025-04-26 00:32:24]  [POST] http://35b3-179-57-98-55.ngrok-free.app/onchainacid/process-image - 48312ms - Status: 200
http  [2025-04-26 00:44:04]  [POST] http://35b3-179-57-98-55.ngrok-free.app/onchainacid/process-image - IP: 179.57.98.55
http  [2025-04-26 00:44:45]  [POST] http://35b3-179-57-98-55.ngrok-free.app/onchainacid/process-image - 40306ms - Status: 200
http  [2025-04-26 00:52:27]  [POST] http://35b3-179-57-98-55.ngrok-free.app/onchainacid/process-image - IP: 179.57.98.55
http  [2025-04-26 00:53:23]  [POST] http://35b3-179-57-98-55.ngrok-free.app/onchainacid/process-image - 55605ms - Status: 200
http  [2025-04-26 00:55:32]  [POST] http://35b3-179-57-98-55.ngrok-free.app/onchainacid/process-image - IP: 2a02:810a:958b:d700:3153:d467:3ab2:57bf
http  [2025-04-26 00:56:12]  [POST] http://35b3-179-57-98-55.ngrok-free.app/onchainacid/process-image - 39819ms - Status: 500
http  [2025-04-26 01:00:46]  [POST] http://35b3-179-57-98-55.ngrok-free.app/onchainacid/process-image - IP: 179.57.98.55
http  [2025-04-26 01:01:41]  [POST] http://35b3-179-57-98-55.ngrok-free.app/onchainacid/process-image - 55555ms - Status: 200
http  [2025-04-26 11:32:08]  [POST] http://07b0-179-57-98-55.ngrok-free.app/onchainacid/process-image - IP: 179.57.98.55
http  [2025-04-26 11:33:01]  [POST] http://07b0-179-57-98-55.ngrok-free.app/onchainacid/process-image - 53356ms - Status: 200
http  [2025-04-26 11:33:11]  [POST] http://07b0-179-57-98-55.ngrok-free.app/onchainacid/process-image - IP: 2a02:810a:958b:d700:c062:69f2:a0b:28b9
http  [2025-04-26 11:33:55]  [POST] http://07b0-179-57-98-55.ngrok-free.app/onchainacid/process-image - 43452ms - Status: 200
http  [2025-04-26 20:27:12]  [POST] http://07b0-179-57-98-55.ngrok-free.app/onchainacid/process-image - IP: 179.57.98.55
http  [2025-04-26 20:27:57]  [POST] http://07b0-179-57-98-55.ngrok-free.app/onchainacid/process-image - 44755ms - Status: 200
